<?xml version="1.0" encoding="UTF-8"?>
<!-- Generated by org.testng.reporters.JUnitXMLReporter -->
<testsuite hostname="Geetikas-MacBook-Air.local" name="Test" tests="2" failures="2" timestamp="12 Mar 2020 10:18:55 GMT" time="16.017" errors="0">
  <testcase name="test" time="8.289" classname="com.ButtonsAutomate.Maven.CTAButtonsTesting">
    <failure type="java.lang.NullPointerException">
      <![CDATA[java.lang.NullPointerException
	at com.ButtonsAutomate.Maven.CTAButtonsTesting.test(CTAButtonsTesting.java:22)
... Removed 24 stack frames]]>
    </failure>
  </testcase> <!-- test -->
  <testcase name="test" time="7.696" classname="com.ButtonsAutomate.Maven.NextFrameButtonsTestingJava">
    <failure type="java.lang.NullPointerException">
      <![CDATA[java.lang.NullPointerException
	at com.ButtonsAutomate.Maven.NextFrameButtonsTestingJava.test(NextFrameButtonsTestingJava.java:22)
... Removed 24 stack frames]]>
    </failure>
  </testcase> <!-- test -->
</testsuite> <!-- Test -->
