<?xml version="1.0" encoding="UTF-8"?>
<testng-results skipped="0" failed="0" total="1" passed="1">
  <reporter-output>
  </reporter-output>
  <suite name="Default suite" duration-ms="9416" started-at="2020-03-13T11:06:27Z" finished-at="2020-03-13T11:06:37Z">
    <groups>
    </groups>
    <test name="Default test" duration-ms="9416" started-at="2020-03-13T11:06:27Z" finished-at="2020-03-13T11:06:37Z">
      <class name="com.ButtonsAutomate.Maven.CTAButtonsTesting">
        <test-method status="PASS" signature="test()[pri:0, instance:com.ButtonsAutomate.Maven.CTAButtonsTesting@675d3402]" name="test" duration-ms="9397" started-at="2020-03-13T11:06:27Z" finished-at="2020-03-13T11:06:37Z">
          <reporter-output>
          </reporter-output>
        </test-method> <!-- test -->
      </class> <!-- com.ButtonsAutomate.Maven.CTAButtonsTesting -->
    </test> <!-- Default test -->
  </suite> <!-- Default suite -->
</testng-results>
